<?xml version="1.0" encoding="UTF-8"?>
<testng-results ignored="0" total="1" passed="1" failed="0" skipped="0">
  <reporter-output>
  </reporter-output>
  <suite started-at="2025-12-04T23:29:45 IST" name="Surefire suite" finished-at="2025-12-04T23:29:52 IST" duration-ms="6255">
    <groups>
    </groups>
    <test started-at="2025-12-04T23:29:45 IST" name="Surefire test" finished-at="2025-12-04T23:29:52 IST" duration-ms="6255">
      <class name="EdgeTest">
        <test-method signature="openGoogleInEdge()[pri:0, instance:EdgeTest@55a1c291]" started-at="2025-12-04T23:29:45 IST" name="openGoogleInEdge" finished-at="2025-12-04T23:29:52 IST" duration-ms="6206" status="PASS">
          <reporter-output>
          </reporter-output>
        </test-method> <!-- openGoogleInEdge -->
      </class> <!-- EdgeTest -->
    </test> <!-- Surefire test -->
  </suite> <!-- Surefire suite -->
</testng-results>
